2024-06-24 18:08:06,499 p=3444395 u=upszot n=ansible | [WARNING]: A duplicate localhost-like entry was found (localhost). First found localhost was 127.0.0.1

2024-06-24 18:08:06,598 p=3444395 u=upszot n=ansible | PLAY [all] **********************************************************************************************************************************************************************************************************************************
2024-06-24 18:08:06,609 p=3444395 u=upszot n=ansible | TASK [Gathering Facts] **********************************************************************************************************************************************************************************************************************
2024-06-24 18:08:07,746 p=3444395 u=upszot n=ansible | ok: [localhost]
2024-06-24 18:08:07,775 p=3444395 u=upszot n=ansible | TASK [include_role : 2do_parcial] ***********************************************************************************************************************************************************************************************************
2024-06-24 18:08:07,805 p=3444395 u=upszot n=ansible | TASK [2do_parcial : debug] ******************************************************************************************************************************************************************************************************************
2024-06-24 18:08:07,817 p=3444395 u=upszot n=ansible | ok: [localhost] => {
    "msg": "Tareas del 2do Parcial"
}
2024-06-24 18:08:07,836 p=3444395 u=upszot n=ansible | TASK [Otra tarea] ***************************************************************************************************************************************************************************************************************************
2024-06-24 18:08:07,851 p=3444395 u=upszot n=ansible | ok: [localhost] => {
    "msg": "Despues de la ejecucion del rol"
}
2024-06-24 18:08:07,885 p=3444395 u=upszot n=ansible | PLAY RECAP **********************************************************************************************************************************************************************************************************************************
2024-06-24 18:08:07,885 p=3444395 u=upszot n=ansible | localhost                  : ok=3    changed=0    unreachable=0    failed=0    skipped=0    rescued=0    ignored=0   
2024-07-12 03:11:43,302 p=26309 u=juan n=ansible | [WARNING]: Unable to parse /home/juan/UTN-FRA_SO_Examenes/202406/ansible/inventory/host as
an inventory source

2024-07-12 03:11:43,302 p=26309 u=juan n=ansible | [WARNING]: No inventory was parsed, only implicit localhost is available

2024-07-12 03:11:43,303 p=26309 u=juan n=ansible | [WARNING]: provided hosts list is empty, only localhost is available. Note that the
implicit localhost does not match 'all'

2024-07-12 03:11:43,493 p=26309 u=juan n=ansible | PLAY [all] *********************************************************************************
2024-07-12 03:11:43,493 p=26309 u=juan n=ansible | skipping: no hosts matched
2024-07-12 03:11:43,493 p=26309 u=juan n=ansible | PLAY RECAP *********************************************************************************
2024-07-12 03:14:27,275 p=26523 u=juan n=ansible | [WARNING]: Unable to parse /home/juan/UTN-FRA_SO_Examenes/202406/ansible/inventory/host as
an inventory source

2024-07-12 03:14:27,276 p=26523 u=juan n=ansible | [WARNING]: No inventory was parsed, only implicit localhost is available

2024-07-12 03:14:27,276 p=26523 u=juan n=ansible | [WARNING]: provided hosts list is empty, only localhost is available. Note that the
implicit localhost does not match 'all'

2024-07-12 03:14:27,430 p=26523 u=juan n=ansible | PLAY [all] *********************************************************************************
2024-07-12 03:14:27,430 p=26523 u=juan n=ansible | skipping: no hosts matched
2024-07-12 03:14:27,430 p=26523 u=juan n=ansible | PLAY RECAP *********************************************************************************
2024-07-12 03:22:17,301 p=27191 u=juan n=ansible | [WARNING]: Unable to parse /home/juan/UTN-FRA_SO_Examenes/202406/ansible/inventory/host as
an inventory source

2024-07-12 03:22:17,302 p=27191 u=juan n=ansible | [WARNING]: No inventory was parsed, only implicit localhost is available

2024-07-12 03:22:17,302 p=27191 u=juan n=ansible | [WARNING]: provided hosts list is empty, only localhost is available. Note that the
implicit localhost does not match 'all'

2024-07-12 03:22:17,454 p=27191 u=juan n=ansible | PLAY [all] *********************************************************************************
2024-07-12 03:22:17,454 p=27191 u=juan n=ansible | skipping: no hosts matched
2024-07-12 03:22:17,454 p=27191 u=juan n=ansible | PLAY RECAP *********************************************************************************
2024-07-12 03:22:34,423 p=27218 u=juan n=ansible | [WARNING]: Skipping 'Variable_host_Vars' as this is not a valid group definition

2024-07-12 03:22:34,424 p=27218 u=juan n=ansible | [WARNING]: provided hosts list is empty, only localhost is available. Note that the
implicit localhost does not match 'all'

2024-07-12 03:22:34,571 p=27218 u=juan n=ansible | PLAY [all] *********************************************************************************
2024-07-12 03:22:34,571 p=27218 u=juan n=ansible | skipping: no hosts matched
2024-07-12 03:22:34,571 p=27218 u=juan n=ansible | PLAY RECAP *********************************************************************************
2024-07-12 03:26:26,400 p=27510 u=juan n=ansible | [WARNING]: Unable to parse /home/juan/UTN-FRA_SO_Examenes/202406/ansible/inventory/host as
an inventory source

2024-07-12 03:26:26,400 p=27510 u=juan n=ansible | [WARNING]: No inventory was parsed, only implicit localhost is available

2024-07-12 03:26:26,400 p=27510 u=juan n=ansible | [WARNING]: provided hosts list is empty, only localhost is available. Note that the
implicit localhost does not match 'all'

2024-07-12 03:26:26,561 p=27510 u=juan n=ansible | PLAY [all] *********************************************************************************
2024-07-12 03:26:26,561 p=27510 u=juan n=ansible | skipping: no hosts matched
2024-07-12 03:26:26,561 p=27510 u=juan n=ansible | PLAY RECAP *********************************************************************************
2024-07-12 03:30:28,615 p=28171 u=juan n=ansible | [WARNING]: Unable to parse /home/juan/UTN-FRA_SO_Examenes/202406/ansible/inventory/host as
an inventory source

2024-07-12 03:30:28,615 p=28171 u=juan n=ansible | [WARNING]: No inventory was parsed, only implicit localhost is available

2024-07-12 03:30:28,616 p=28171 u=juan n=ansible | [WARNING]: provided hosts list is empty, only localhost is available. Note that the
implicit localhost does not match 'all'

2024-07-12 03:30:28,768 p=28171 u=juan n=ansible | PLAY [all] *********************************************************************************
2024-07-12 03:30:28,768 p=28171 u=juan n=ansible | skipping: no hosts matched
2024-07-12 03:30:28,768 p=28171 u=juan n=ansible | PLAY RECAP *********************************************************************************
2024-07-12 04:03:54,559 p=30783 u=juan n=ansible | [WARNING]: Unable to parse /home/juan/UTN-FRA_SO_Examenes/202406/ansible/inventory/host as
an inventory source

2024-07-12 04:03:54,559 p=30783 u=juan n=ansible | [WARNING]: No inventory was parsed, only implicit localhost is available

2024-07-12 04:03:54,559 p=30783 u=juan n=ansible | [WARNING]: provided hosts list is empty, only localhost is available. Note that the
implicit localhost does not match 'all'

2024-07-12 04:03:54,719 p=30783 u=juan n=ansible | PLAY [all] *********************************************************************************
2024-07-12 04:03:54,719 p=30783 u=juan n=ansible | skipping: no hosts matched
2024-07-12 04:03:54,719 p=30783 u=juan n=ansible | PLAY RECAP *********************************************************************************
